[debug] [2021-08-07T02:58:51.334Z] ----------------------------------------------------------------------
[debug] [2021-08-07T02:58:51.336Z] Command:       C:\Program Files\nodejs\node.exe C:\Users\myamarino\AppData\Roaming\npm\node_modules\firebase-tools\lib\bin\firebase.js init
[debug] [2021-08-07T02:58:51.336Z] CLI Version:   9.16.0
[debug] [2021-08-07T02:58:51.337Z] Platform:      win32
[debug] [2021-08-07T02:58:51.337Z] Node Version:  v14.16.1
[debug] [2021-08-07T02:58:51.338Z] Time:          Fri Aug 06 2021 21:58:51 GMT-0500 (Central Daylight Time)
[debug] [2021-08-07T02:58:51.338Z] ----------------------------------------------------------------------
[debug] 
[debug] [2021-08-07T02:58:51.394Z] > command requires scopes: ["email","openid","https://www.googleapis.com/auth/cloudplatformprojects.readonly","https://www.googleapis.com/auth/firebase","https://www.googleapis.com/auth/cloud-platform"]
[debug] [2021-08-07T02:58:51.394Z] > authorizing via signed-in user (mattyamarino@gmail.com)
[info] 
     ######## #### ########  ######## ########     ###     ######  ########
     ##        ##  ##     ## ##       ##     ##  ##   ##  ##       ##
     ######    ##  ########  ######   ########  #########  ######  ######
     ##        ##  ##    ##  ##       ##     ## ##     ##       ## ##
     ##       #### ##     ## ######## ########  ##     ##  ######  ########

You're about to initialize a Firebase project in this directory:

  C:\Users\myamarino\Desktop\personal\bag-of-stuff

Before we get started, keep in mind:

  * You are initializing within an existing Firebase project directory

